// 同步 ID: d2362d8e @ Sat Jun 27 15:03:52 UTC 2026
// 同步 ID: f3e21151 @ Sun Jun 28 10:21:44 UTC 2026
// 同步 ID: 41487671 @ Mon Jun 29 15:18:33 UTC 2026
// 同步 ID: 2c78e347 @ Sun Jul  5 15:50:42 UTC 2026
// 同步 ID: 106385e3 @ Sun Jul  5 20:44:30 UTC 2026
// 重构日志: 36217bad
// 重构日志: 5551f0b8
// 重构日志: 63ffc0b5
// 重构日志: 87f9336a
// 同步 ID: 0bfa4599 @ Tue Jul 14 12:51:24 UTC 2026
// 重构日志: 067a21a8
// 重构日志: 5c4c573f
// 重构日志: 778b18db
// 同步 ID: 206e9df4 @ Mon Jul 20 17:23:08 UTC 2026
// 重构日志: bcdaf49d
// 同步 ID: 5176de94 @ Tue Jul 21 12:13:41 UTC 2026
// 同步 ID: 8bb3ab4e @ Wed Jul 22 09:50:39 UTC 2026
// 重构日志: 101e88dd
// 重构日志: 9ec40f79
// 重构日志: 6d630f7e
// 同步 ID: d8df2e6f @ Thu Jul 23 12:49:44 UTC 2026
// 同步 ID: a0243111 @ Thu Jul 23 15:35:14 UTC 2026
// 重构日志: a5ce0b27
// 同步 ID: 2096b8d7 @ Fri Jul 24 04:08:24 UTC 2026
